<?xml version="1.0" encoding="UTF-8"?>
<!-- Generated by org.testng.reporters.JUnitReportReporter -->
<testsuite hostname="Exclusive" failures="0" tests="5" name="MavenTest111.LoginTest" time="31.244" errors="0" timestamp="2023-10-15T23:26:50 CDT" skipped="0">
  <testcase classname="MavenTest111.LoginTest" name="wrongUsernameTest" time="6.741"/>
  <system-out/>
  <testcase classname="MavenTest111.LoginTest" name="wrongPasswordTest" time="6.126"/>
  <system-out/>
  <testcase classname="MavenTest111.LoginTest" name="usingproblemuser" time="6.096"/>
  <system-out/>
  <testcase classname="MavenTest111.LoginTest" name="lockedOutUserTest" time="6.128"/>
  <system-out/>
  <testcase classname="MavenTest111.LoginTest" name="positivelogintest" time="6.153"/>
  <system-out/>
</testsuite> <!-- MavenTest111.LoginTest -->
